<?xml version="1.0" encoding="UTF-8"?>
<testsuite name="com.example.KEBProject.KebProjectApplicationTests" tests="1" skipped="0" failures="0" errors="0" timestamp="2024-07-11T06:49:55" hostname="MarioJung-MacBookAir.local" time="0.25">
  <properties/>
  <testcase name="contextLoads()" classname="com.example.KEBProject.KebProjectApplicationTests" time="0.25"/>
  <system-out><![CDATA[15:49:53.772 [Test worker] INFO org.springframework.test.context.support.AnnotationConfigContextLoaderUtils -- Could not detect default configuration classes for test class [com.example.KEBProject.KebProjectApplicationTests]: KebProjectApplicationTests does not declare any static, non-private, non-final, nested classes annotated with @Configuration.
15:49:53.815 [Test worker] INFO org.springframework.boot.test.context.SpringBootTestContextBootstrapper -- Found @SpringBootConfiguration com.example.KEBProject.KebProjectApplication for test class com.example.KEBProject.KebProjectApplicationTests
  .   ____          _            __ _ _
 /\\ / ___'_ __ _ _(_)_ __  __ _ \ \ \ \
( ( )\___ | '_ | '_| | '_ \/ _` | \ \ \ \
 \\/  ___)| |_)| | | | | || (_| |  ) ) ) )
  '  |____| .__|_| |_|_| |_\__, | / / / /
 =========|_|==============|___/=/_/_/_/

 :: Spring Boot ::                (v3.3.0)

2024-07-11T15:49:53.957+09:00  INFO 58808 --- [KEBProject] [    Test worker] c.e.K.KebProjectApplicationTests         : Starting KebProjectApplicationTests using Java 17.0.10 with PID 58808 (started by jeong-uimin in /Users/jeong-uimin/Desktop/KEB/KEBProject/backend)
2024-07-11T15:49:53.958+09:00  INFO 58808 --- [KEBProject] [    Test worker] c.e.K.KebProjectApplicationTests         : No active profile set, falling back to 1 default profile: "default"
2024-07-11T15:49:54.245+09:00  INFO 58808 --- [KEBProject] [    Test worker] .s.d.r.c.RepositoryConfigurationDelegate : Bootstrapping Spring Data JPA repositories in DEFAULT mode.
2024-07-11T15:49:54.264+09:00  INFO 58808 --- [KEBProject] [    Test worker] .s.d.r.c.RepositoryConfigurationDelegate : Finished Spring Data repository scanning in 15 ms. Found 1 JPA repository interface.
2024-07-11T15:49:54.447+09:00  INFO 58808 --- [KEBProject] [    Test worker] o.hibernate.jpa.internal.util.LogHelper  : HHH000204: Processing PersistenceUnitInfo [name: default]
2024-07-11T15:49:54.474+09:00  INFO 58808 --- [KEBProject] [    Test worker] org.hibernate.Version                    : HHH000412: Hibernate ORM core version 6.5.2.Final
2024-07-11T15:49:54.490+09:00  INFO 58808 --- [KEBProject] [    Test worker] o.h.c.internal.RegionFactoryInitiator    : HHH000026: Second-level cache disabled
2024-07-11T15:49:54.613+09:00  INFO 58808 --- [KEBProject] [    Test worker] o.s.o.j.p.SpringPersistenceUnitInfo      : No LoadTimeWeaver setup: ignoring JPA class transformer
2024-07-11T15:49:54.625+09:00  INFO 58808 --- [KEBProject] [    Test worker] com.zaxxer.hikari.HikariDataSource       : HikariPool-1 - Starting...
2024-07-11T15:49:54.814+09:00  INFO 58808 --- [KEBProject] [    Test worker] com.zaxxer.hikari.pool.HikariPool        : HikariPool-1 - Added connection com.mysql.cj.jdbc.ConnectionImpl@45bf93bb
2024-07-11T15:49:54.815+09:00  INFO 58808 --- [KEBProject] [    Test worker] com.zaxxer.hikari.HikariDataSource       : HikariPool-1 - Start completed.
2024-07-11T15:49:54.847+09:00  WARN 58808 --- [KEBProject] [    Test worker] org.hibernate.orm.deprecation            : HHH90000025: MySQLDialect does not need to be specified explicitly using 'hibernate.dialect' (remove the property setting and it will be selected by default)
2024-07-11T15:49:55.159+09:00  INFO 58808 --- [KEBProject] [    Test worker] o.h.e.t.j.p.i.JtaPlatformInitiator       : HHH000489: No JTA platform available (set 'hibernate.transaction.jta.platform' to enable JTA platform integration)
Hibernate: 
    drop table if exists user_info
Hibernate: 
    create table user_info (
        id bigint not null auto_increment,
        user_id varchar(10),
        user_pwd varchar(15),
        primary key (id)
    ) engine=InnoDB
Hibernate: 
    alter table user_info 
       add constraint UKhixwjgx0ynne0cq4tqvoawoda unique (user_id)
2024-07-11T15:49:55.212+09:00  INFO 58808 --- [KEBProject] [    Test worker] j.LocalContainerEntityManagerFactoryBean : Initialized JPA EntityManagerFactory for persistence unit 'default'
2024-07-11T15:49:55.324+09:00  WARN 58808 --- [KEBProject] [    Test worker] JpaBaseConfiguration$JpaWebConfiguration : spring.jpa.open-in-view is enabled by default. Therefore, database queries may be performed during view rendering. Explicitly configure spring.jpa.open-in-view to disable this warning
2024-07-11T15:49:55.335+09:00  INFO 58808 --- [KEBProject] [    Test worker] o.s.b.a.w.s.WelcomePageHandlerMapping    : Adding welcome page template: index
2024-07-11T15:49:55.593+09:00  INFO 58808 --- [KEBProject] [    Test worker] c.e.K.KebProjectApplicationTests         : Started KebProjectApplicationTests in 1.724 seconds (process running for 2.152)
]]></system-out>
  <system-err><![CDATA[]]></system-err>
</testsuite>
