<?xml version="1.0" encoding="UTF-8"?>
<testsuite name="com.example.KEBProject.KebProjectApplicationTests" tests="1" skipped="0" failures="0" errors="0" timestamp="2024-08-16T07:23:41" hostname="LAPTOP-O2P1CGU5" time="0.876">
  <properties/>
  <testcase name="contextLoads()" classname="com.example.KEBProject.KebProjectApplicationTests" time="0.876"/>
  <system-out><![CDATA[16:23:26.133 [Test worker] INFO org.springframework.test.context.support.AnnotationConfigContextLoaderUtils -- Could not detect default configuration classes for test class [com.example.KEBProject.KebProjectApplicationTests]: KebProjectApplicationTests does not declare any static, non-private, non-final, nested classes annotated with @Configuration.
16:23:26.468 [Test worker] INFO org.springframework.boot.test.context.SpringBootTestContextBootstrapper -- Found @SpringBootConfiguration com.example.KEBProject.KebProjectApplication for test class com.example.KEBProject.KebProjectApplicationTests
  .   ____          _            __ _ _
 /\\ / ___'_ __ _ _(_)_ __  __ _ \ \ \ \
( ( )\___ | '_ | '_| | '_ \/ _` | \ \ \ \
 \\/  ___)| |_)| | | | | || (_| |  ) ) ) )
  '  |____| .__|_| |_|_| |_\__, | / / / /
 =========|_|==============|___/=/_/_/_/

 :: Spring Boot ::                (v3.3.0)

2024-08-16T16:23:28.092+09:00  INFO 7632 --- [KEBProject] [    Test worker] c.e.K.KebProjectApplicationTests         : Starting KebProjectApplicationTests using Java 17.0.10 with PID 7632 (started by litte in C:\Users\litte\Desktop\code\KEB\KEBProject_BE\backend)
2024-08-16T16:23:28.099+09:00  INFO 7632 --- [KEBProject] [    Test worker] c.e.K.KebProjectApplicationTests         : No active profile set, falling back to 1 default profile: "default"
2024-08-16T16:23:30.817+09:00  INFO 7632 --- [KEBProject] [    Test worker] .s.d.r.c.RepositoryConfigurationDelegate : Bootstrapping Spring Data JPA repositories in DEFAULT mode.
2024-08-16T16:23:31.007+09:00  INFO 7632 --- [KEBProject] [    Test worker] .s.d.r.c.RepositoryConfigurationDelegate : Finished Spring Data repository scanning in 167 ms. Found 4 JPA repository interfaces.
2024-08-16T16:23:32.076+09:00  INFO 7632 --- [KEBProject] [    Test worker] o.hibernate.jpa.internal.util.LogHelper  : HHH000204: Processing PersistenceUnitInfo [name: default]
2024-08-16T16:23:32.270+09:00  INFO 7632 --- [KEBProject] [    Test worker] org.hibernate.Version                    : HHH000412: Hibernate ORM core version 6.5.2.Final
2024-08-16T16:23:32.411+09:00  INFO 7632 --- [KEBProject] [    Test worker] o.h.c.internal.RegionFactoryInitiator    : HHH000026: Second-level cache disabled
2024-08-16T16:23:33.429+09:00  INFO 7632 --- [KEBProject] [    Test worker] o.s.o.j.p.SpringPersistenceUnitInfo      : No LoadTimeWeaver setup: ignoring JPA class transformer
2024-08-16T16:23:33.526+09:00  INFO 7632 --- [KEBProject] [    Test worker] com.zaxxer.hikari.HikariDataSource       : HikariPool-1 - Starting...
2024-08-16T16:23:33.971+09:00  INFO 7632 --- [KEBProject] [    Test worker] com.zaxxer.hikari.pool.HikariPool        : HikariPool-1 - Added connection com.mysql.cj.jdbc.ConnectionImpl@44ddb518
2024-08-16T16:23:33.978+09:00  INFO 7632 --- [KEBProject] [    Test worker] com.zaxxer.hikari.HikariDataSource       : HikariPool-1 - Start completed.
2024-08-16T16:23:34.127+09:00  WARN 7632 --- [KEBProject] [    Test worker] org.hibernate.dialect.Dialect            : HHH000511: The 5.5.5 version for [org.hibernate.dialect.MySQLDialect] is no longer supported, hence certain features may not work properly. The minimum supported version is 8.0.0. Check the community dialects project for available legacy versions.
2024-08-16T16:23:34.149+09:00  WARN 7632 --- [KEBProject] [    Test worker] org.hibernate.orm.deprecation            : HHH90000025: MySQLDialect does not need to be specified explicitly using 'hibernate.dialect' (remove the property setting and it will be selected by default)
2024-08-16T16:23:37.774+09:00  INFO 7632 --- [KEBProject] [    Test worker] o.h.e.t.j.p.i.JtaPlatformInitiator       : HHH000489: No JTA platform available (set 'hibernate.transaction.jta.platform' to enable JTA platform integration)
2024-08-16T16:23:37.785+09:00  INFO 7632 --- [KEBProject] [    Test worker] j.LocalContainerEntityManagerFactoryBean : Initialized JPA EntityManagerFactory for persistence unit 'default'
2024-08-16T16:23:39.702+09:00  WARN 7632 --- [KEBProject] [    Test worker] JpaBaseConfiguration$JpaWebConfiguration : spring.jpa.open-in-view is enabled by default. Therefore, database queries may be performed during view rendering. Explicitly configure spring.jpa.open-in-view to disable this warning
2024-08-16T16:23:39.758+09:00  INFO 7632 --- [KEBProject] [    Test worker] o.s.b.a.w.s.WelcomePageHandlerMapping    : Adding welcome page template: index
2024-08-16T16:23:41.194+09:00  INFO 7632 --- [KEBProject] [    Test worker] c.e.K.KebProjectApplicationTests         : Started KebProjectApplicationTests in 14.017 seconds (process running for 18.716)
]]></system-out>
  <system-err><![CDATA[]]></system-err>
</testsuite>
