<?xml version="1.0" encoding="UTF-8"?>
<testsuite name="com.example.KEBProject.KebProjectApplicationTests" tests="1" skipped="0" failures="0" errors="0" timestamp="2024-08-11T10:12:13" hostname="MarioJung-MacBookAir.local" time="0.242">
  <properties/>
  <testcase name="contextLoads()" classname="com.example.KEBProject.KebProjectApplicationTests" time="0.242"/>
  <system-out><![CDATA[19:12:11.800 [Test worker] INFO org.springframework.test.context.support.AnnotationConfigContextLoaderUtils -- Could not detect default configuration classes for test class [com.example.KEBProject.KebProjectApplicationTests]: KebProjectApplicationTests does not declare any static, non-private, non-final, nested classes annotated with @Configuration.
19:12:11.839 [Test worker] INFO org.springframework.boot.test.context.SpringBootTestContextBootstrapper -- Found @SpringBootConfiguration com.example.KEBProject.KebProjectApplication for test class com.example.KEBProject.KebProjectApplicationTests
  .   ____          _            __ _ _
 /\\ / ___'_ __ _ _(_)_ __  __ _ \ \ \ \
( ( )\___ | '_ | '_| | '_ \/ _` | \ \ \ \
 \\/  ___)| |_)| | | | | || (_| |  ) ) ) )
  '  |____| .__|_| |_|_| |_\__, | / / / /
 =========|_|==============|___/=/_/_/_/

 :: Spring Boot ::                (v3.3.0)

2024-08-11T19:12:11.970+09:00  INFO 45405 --- [KEBProject] [    Test worker] c.e.K.KebProjectApplicationTests         : Starting KebProjectApplicationTests using Java 17.0.10 with PID 45405 (started by jeong-uimin in /Users/jeong-uimin/Desktop/KEB/KEBProject_BE/backend)
2024-08-11T19:12:11.970+09:00  INFO 45405 --- [KEBProject] [    Test worker] c.e.K.KebProjectApplicationTests         : No active profile set, falling back to 1 default profile: "default"
2024-08-11T19:12:12.217+09:00  INFO 45405 --- [KEBProject] [    Test worker] .s.d.r.c.RepositoryConfigurationDelegate : Bootstrapping Spring Data JPA repositories in DEFAULT mode.
2024-08-11T19:12:12.238+09:00  INFO 45405 --- [KEBProject] [    Test worker] .s.d.r.c.RepositoryConfigurationDelegate : Finished Spring Data repository scanning in 18 ms. Found 4 JPA repository interfaces.
2024-08-11T19:12:12.393+09:00  INFO 45405 --- [KEBProject] [    Test worker] o.hibernate.jpa.internal.util.LogHelper  : HHH000204: Processing PersistenceUnitInfo [name: default]
2024-08-11T19:12:12.411+09:00  INFO 45405 --- [KEBProject] [    Test worker] org.hibernate.Version                    : HHH000412: Hibernate ORM core version 6.5.2.Final
2024-08-11T19:12:12.422+09:00  INFO 45405 --- [KEBProject] [    Test worker] o.h.c.internal.RegionFactoryInitiator    : HHH000026: Second-level cache disabled
2024-08-11T19:12:12.526+09:00  INFO 45405 --- [KEBProject] [    Test worker] o.s.o.j.p.SpringPersistenceUnitInfo      : No LoadTimeWeaver setup: ignoring JPA class transformer
2024-08-11T19:12:12.536+09:00  INFO 45405 --- [KEBProject] [    Test worker] com.zaxxer.hikari.HikariDataSource       : HikariPool-1 - Starting...
2024-08-11T19:12:12.696+09:00  INFO 45405 --- [KEBProject] [    Test worker] com.zaxxer.hikari.pool.HikariPool        : HikariPool-1 - Added connection com.mysql.cj.jdbc.ConnectionImpl@2c1a8529
2024-08-11T19:12:12.697+09:00  INFO 45405 --- [KEBProject] [    Test worker] com.zaxxer.hikari.HikariDataSource       : HikariPool-1 - Start completed.
2024-08-11T19:12:12.727+09:00  WARN 45405 --- [KEBProject] [    Test worker] org.hibernate.orm.deprecation            : HHH90000025: MySQLDialect does not need to be specified explicitly using 'hibernate.dialect' (remove the property setting and it will be selected by default)
2024-08-11T19:12:13.060+09:00  INFO 45405 --- [KEBProject] [    Test worker] o.h.e.t.j.p.i.JtaPlatformInitiator       : HHH000489: No JTA platform available (set 'hibernate.transaction.jta.platform' to enable JTA platform integration)
Hibernate: 
    alter table expert 
       drop 
       foreign key FK23f0o3hxqm11lrgkn6hylfr16
Hibernate: 
    alter table inspection 
       drop 
       foreign key FKbnv6www1ffehlgfdsu2xrgwql
Hibernate: 
    alter table inspection 
       drop 
       foreign key FKoqtk4nfocbd7e87aqlykvecn4
Hibernate: 
    drop table if exists expert
Hibernate: 
    drop table if exists inspection
Hibernate: 
    drop table if exists review
Hibernate: 
    drop table if exists user
Hibernate: 
    create table expert (
        engineer_career integer,
        engineer_id varchar(20) not null,
        engineer_brand varchar(80),
        engineer_profile varchar(200),
        primary key (engineer_id)
    ) engine=InnoDB
Hibernate: 
    create table inspection (
        checked bit,
        complete bit not null,
        matching_id integer not null auto_increment,
        inspect_date datetime(6),
        brand varchar(20) not null,
        customer_id varchar(20) not null,
        engineer_id varchar(20),
        model varchar(20) not null,
        place varchar(20) not null,
        primary key (matching_id)
    ) engine=InnoDB
Hibernate: 
    create table review (
        matching_id integer not null,
        review_date datetime(6) not null,
        rating_bad varchar(100),
        rating_good varchar(100),
        rating enum ('RATING_1','RATING_1_5','RATING_2','RATING_2_5','RATING_3','RATING_3_5','RATING_4','RATING_4_5','RATING_5') not null,
        primary key (matching_id)
    ) engine=InnoDB
Hibernate: 
    create table user (
        is_expert bit not null,
        user_id varchar(20) not null,
        user_name varchar(20) not null,
        user_phonenumber varchar(20) not null,
        user_pwd varchar(20) not null,
        primary key (user_id)
    ) engine=InnoDB
Hibernate: 
    alter table expert 
       add constraint FK23f0o3hxqm11lrgkn6hylfr16 
       foreign key (engineer_id) 
       references user (user_id)
Hibernate: 
    alter table inspection 
       add constraint FKbnv6www1ffehlgfdsu2xrgwql 
       foreign key (customer_id) 
       references user (user_id)
Hibernate: 
    alter table inspection 
       add constraint FKoqtk4nfocbd7e87aqlykvecn4 
       foreign key (engineer_id) 
       references expert (engineer_id)
2024-08-11T19:12:13.276+09:00  INFO 45405 --- [KEBProject] [    Test worker] j.LocalContainerEntityManagerFactoryBean : Initialized JPA EntityManagerFactory for persistence unit 'default'
2024-08-11T19:12:13.491+09:00  WARN 45405 --- [KEBProject] [    Test worker] JpaBaseConfiguration$JpaWebConfiguration : spring.jpa.open-in-view is enabled by default. Therefore, database queries may be performed during view rendering. Explicitly configure spring.jpa.open-in-view to disable this warning
2024-08-11T19:12:13.501+09:00  INFO 45405 --- [KEBProject] [    Test worker] o.s.b.a.w.s.WelcomePageHandlerMapping    : Adding welcome page template: index
2024-08-11T19:12:13.688+09:00  INFO 45405 --- [KEBProject] [    Test worker] c.e.K.KebProjectApplicationTests         : Started KebProjectApplicationTests in 1.792 seconds (process running for 2.215)
]]></system-out>
  <system-err><![CDATA[]]></system-err>
</testsuite>
