<?xml version="1.0" encoding="UTF-8"?>
<testsuite name="com.example.KEBProject.KebProjectApplicationTests" tests="1" skipped="0" failures="0" errors="0" timestamp="2024-07-15T04:54:24" hostname="MarioJung-MacBookAir.local" time="0.24">
  <properties/>
  <testcase name="contextLoads()" classname="com.example.KEBProject.KebProjectApplicationTests" time="0.24"/>
  <system-out><![CDATA[13:54:22.674 [Test worker] INFO org.springframework.test.context.support.AnnotationConfigContextLoaderUtils -- Could not detect default configuration classes for test class [com.example.KEBProject.KebProjectApplicationTests]: KebProjectApplicationTests does not declare any static, non-private, non-final, nested classes annotated with @Configuration.
13:54:22.711 [Test worker] INFO org.springframework.boot.test.context.SpringBootTestContextBootstrapper -- Found @SpringBootConfiguration com.example.KEBProject.KebProjectApplication for test class com.example.KEBProject.KebProjectApplicationTests
  .   ____          _            __ _ _
 /\\ / ___'_ __ _ _(_)_ __  __ _ \ \ \ \
( ( )\___ | '_ | '_| | '_ \/ _` | \ \ \ \
 \\/  ___)| |_)| | | | | || (_| |  ) ) ) )
  '  |____| .__|_| |_|_| |_\__, | / / / /
 =========|_|==============|___/=/_/_/_/

 :: Spring Boot ::                (v3.3.0)

2024-07-15T13:54:22.852+09:00  INFO 4724 --- [KEBProject] [    Test worker] c.e.K.KebProjectApplicationTests         : Starting KebProjectApplicationTests using Java 17.0.10 with PID 4724 (started by jeong-uimin in /Users/jeong-uimin/Desktop/KEB/KEBProject/backend)
2024-07-15T13:54:22.853+09:00  INFO 4724 --- [KEBProject] [    Test worker] c.e.K.KebProjectApplicationTests         : No active profile set, falling back to 1 default profile: "default"
2024-07-15T13:54:23.124+09:00  INFO 4724 --- [KEBProject] [    Test worker] .s.d.r.c.RepositoryConfigurationDelegate : Bootstrapping Spring Data JPA repositories in DEFAULT mode.
2024-07-15T13:54:23.144+09:00  INFO 4724 --- [KEBProject] [    Test worker] .s.d.r.c.RepositoryConfigurationDelegate : Finished Spring Data repository scanning in 17 ms. Found 4 JPA repository interfaces.
2024-07-15T13:54:23.315+09:00  INFO 4724 --- [KEBProject] [    Test worker] o.hibernate.jpa.internal.util.LogHelper  : HHH000204: Processing PersistenceUnitInfo [name: default]
2024-07-15T13:54:23.340+09:00  INFO 4724 --- [KEBProject] [    Test worker] org.hibernate.Version                    : HHH000412: Hibernate ORM core version 6.5.2.Final
2024-07-15T13:54:23.355+09:00  INFO 4724 --- [KEBProject] [    Test worker] o.h.c.internal.RegionFactoryInitiator    : HHH000026: Second-level cache disabled
2024-07-15T13:54:23.473+09:00  INFO 4724 --- [KEBProject] [    Test worker] o.s.o.j.p.SpringPersistenceUnitInfo      : No LoadTimeWeaver setup: ignoring JPA class transformer
2024-07-15T13:54:23.488+09:00  INFO 4724 --- [KEBProject] [    Test worker] com.zaxxer.hikari.HikariDataSource       : HikariPool-1 - Starting...
2024-07-15T13:54:23.668+09:00  INFO 4724 --- [KEBProject] [    Test worker] com.zaxxer.hikari.pool.HikariPool        : HikariPool-1 - Added connection com.mysql.cj.jdbc.ConnectionImpl@714c74eb
2024-07-15T13:54:23.669+09:00  INFO 4724 --- [KEBProject] [    Test worker] com.zaxxer.hikari.HikariDataSource       : HikariPool-1 - Start completed.
2024-07-15T13:54:23.706+09:00  WARN 4724 --- [KEBProject] [    Test worker] org.hibernate.orm.deprecation            : HHH90000025: MySQLDialect does not need to be specified explicitly using 'hibernate.dialect' (remove the property setting and it will be selected by default)
2024-07-15T13:54:24.059+09:00  INFO 4724 --- [KEBProject] [    Test worker] o.h.e.t.j.p.i.JtaPlatformInitiator       : HHH000489: No JTA platform available (set 'hibernate.transaction.jta.platform' to enable JTA platform integration)
Hibernate: 
    alter table inspection 
       drop 
       foreign key FKbnv6www1ffehlgfdsu2xrgwql
Hibernate: 
    alter table inspection 
       drop 
       foreign key FKoqtk4nfocbd7e87aqlykvecn4
Hibernate: 
    drop table if exists expert
Hibernate: 
    drop table if exists inspection
Hibernate: 
    drop table if exists review
Hibernate: 
    drop table if exists user
Hibernate: 
    create table expert (
        engineer_career integer,
        rating_average float(23) not null,
        engineer_id varchar(20) not null,
        engineer_certification varchar(80),
        engineer_picture varchar(80),
        engineer_profile varchar(200),
        primary key (engineer_id)
    ) engine=InnoDB
Hibernate: 
    create table inspection (
        checked bit not null,
        complete bit not null,
        is_rate bit not null,
        matching_id integer not null auto_increment,
        inspect_date datetime(6),
        customer_id varchar(20) not null,
        engineer_id varchar(20) not null,
        model varchar(20) not null,
        place varchar(20) not null,
        primary key (matching_id)
    ) engine=InnoDB
Hibernate: 
    create table review (
        matching_id integer not null,
        review_date datetime(6) not null,
        rating_bad varchar(100),
        rating_good varchar(100),
        rating enum ('RATING_1','RATING_1_5','RATING_2','RATING_2_5','RATING_3','RATING_3_5','RATING_4','RATING_4_5','RATING_5') not null,
        primary key (matching_id)
    ) engine=InnoDB
Hibernate: 
    create table user (
        is_expert bit not null,
        user_email varchar(20) not null,
        user_id varchar(20) not null,
        user_name varchar(20) not null,
        user_nickname varchar(20) not null,
        user_phonenumber varchar(20) not null,
        user_pwd varchar(20) not null,
        primary key (user_id)
    ) engine=InnoDB
Hibernate: 
    alter table inspection 
       add constraint FKbnv6www1ffehlgfdsu2xrgwql 
       foreign key (customer_id) 
       references user (user_id)
Hibernate: 
    alter table inspection 
       add constraint FKoqtk4nfocbd7e87aqlykvecn4 
       foreign key (engineer_id) 
       references expert (engineer_id)
2024-07-15T13:54:24.197+09:00  INFO 4724 --- [KEBProject] [    Test worker] j.LocalContainerEntityManagerFactoryBean : Initialized JPA EntityManagerFactory for persistence unit 'default'
2024-07-15T13:54:24.385+09:00  WARN 4724 --- [KEBProject] [    Test worker] JpaBaseConfiguration$JpaWebConfiguration : spring.jpa.open-in-view is enabled by default. Therefore, database queries may be performed during view rendering. Explicitly configure spring.jpa.open-in-view to disable this warning
2024-07-15T13:54:24.394+09:00  INFO 4724 --- [KEBProject] [    Test worker] o.s.b.a.w.s.WelcomePageHandlerMapping    : Adding welcome page template: index
2024-07-15T13:54:24.597+09:00  INFO 4724 --- [KEBProject] [    Test worker] c.e.K.KebProjectApplicationTests         : Started KebProjectApplicationTests in 1.826 seconds (process running for 2.252)
]]></system-out>
  <system-err><![CDATA[]]></system-err>
</testsuite>
