<?xml version="1.0" encoding="UTF-8"?>
<testsuite name="com.example.KEBProject.KebProjectApplicationTests" tests="1" skipped="0" failures="0" errors="0" timestamp="2024-07-11T07:43:38" hostname="MarioJung-MacBookAir.local" time="0.266">
  <properties/>
  <testcase name="contextLoads()" classname="com.example.KEBProject.KebProjectApplicationTests" time="0.266"/>
  <system-out><![CDATA[16:43:36.223 [Test worker] INFO org.springframework.test.context.support.AnnotationConfigContextLoaderUtils -- Could not detect default configuration classes for test class [com.example.KEBProject.KebProjectApplicationTests]: KebProjectApplicationTests does not declare any static, non-private, non-final, nested classes annotated with @Configuration.
16:43:36.264 [Test worker] INFO org.springframework.boot.test.context.SpringBootTestContextBootstrapper -- Found @SpringBootConfiguration com.example.KEBProject.KebProjectApplication for test class com.example.KEBProject.KebProjectApplicationTests
  .   ____          _            __ _ _
 /\\ / ___'_ __ _ _(_)_ __  __ _ \ \ \ \
( ( )\___ | '_ | '_| | '_ \/ _` | \ \ \ \
 \\/  ___)| |_)| | | | | || (_| |  ) ) ) )
  '  |____| .__|_| |_|_| |_\__, | / / / /
 =========|_|==============|___/=/_/_/_/

 :: Spring Boot ::                (v3.3.0)

2024-07-11T16:43:36.422+09:00  INFO 3240 --- [KEBProject] [    Test worker] c.e.K.KebProjectApplicationTests         : Starting KebProjectApplicationTests using Java 17.0.10 with PID 3240 (started by jeong-uimin in /Users/jeong-uimin/Desktop/KEB/KEBProject/backend)
2024-07-11T16:43:36.422+09:00  INFO 3240 --- [KEBProject] [    Test worker] c.e.K.KebProjectApplicationTests         : No active profile set, falling back to 1 default profile: "default"
2024-07-11T16:43:36.822+09:00  INFO 3240 --- [KEBProject] [    Test worker] .s.d.r.c.RepositoryConfigurationDelegate : Bootstrapping Spring Data JPA repositories in DEFAULT mode.
2024-07-11T16:43:36.842+09:00  INFO 3240 --- [KEBProject] [    Test worker] .s.d.r.c.RepositoryConfigurationDelegate : Finished Spring Data repository scanning in 17 ms. Found 1 JPA repository interface.
2024-07-11T16:43:37.051+09:00  INFO 3240 --- [KEBProject] [    Test worker] o.hibernate.jpa.internal.util.LogHelper  : HHH000204: Processing PersistenceUnitInfo [name: default]
2024-07-11T16:43:37.081+09:00  INFO 3240 --- [KEBProject] [    Test worker] org.hibernate.Version                    : HHH000412: Hibernate ORM core version 6.5.2.Final
2024-07-11T16:43:37.096+09:00  INFO 3240 --- [KEBProject] [    Test worker] o.h.c.internal.RegionFactoryInitiator    : HHH000026: Second-level cache disabled
2024-07-11T16:43:37.263+09:00  INFO 3240 --- [KEBProject] [    Test worker] o.s.o.j.p.SpringPersistenceUnitInfo      : No LoadTimeWeaver setup: ignoring JPA class transformer
2024-07-11T16:43:37.276+09:00  INFO 3240 --- [KEBProject] [    Test worker] com.zaxxer.hikari.HikariDataSource       : HikariPool-1 - Starting...
2024-07-11T16:43:37.488+09:00  INFO 3240 --- [KEBProject] [    Test worker] com.zaxxer.hikari.pool.HikariPool        : HikariPool-1 - Added connection com.mysql.cj.jdbc.ConnectionImpl@58021c3c
2024-07-11T16:43:37.489+09:00  INFO 3240 --- [KEBProject] [    Test worker] com.zaxxer.hikari.HikariDataSource       : HikariPool-1 - Start completed.
2024-07-11T16:43:37.538+09:00  WARN 3240 --- [KEBProject] [    Test worker] org.hibernate.orm.deprecation            : HHH90000025: MySQLDialect does not need to be specified explicitly using 'hibernate.dialect' (remove the property setting and it will be selected by default)
2024-07-11T16:43:37.865+09:00  INFO 3240 --- [KEBProject] [    Test worker] o.h.e.t.j.p.i.JtaPlatformInitiator       : HHH000489: No JTA platform available (set 'hibernate.transaction.jta.platform' to enable JTA platform integration)
Hibernate: 
    drop table if exists user_info
Hibernate: 
    create table user_info (
        id bigint not null auto_increment,
        user_id varchar(10),
        user_pwd varchar(15),
        primary key (id)
    ) engine=InnoDB
Hibernate: 
    alter table user_info 
       add constraint UKhixwjgx0ynne0cq4tqvoawoda unique (user_id)
2024-07-11T16:43:37.931+09:00  INFO 3240 --- [KEBProject] [    Test worker] j.LocalContainerEntityManagerFactoryBean : Initialized JPA EntityManagerFactory for persistence unit 'default'
2024-07-11T16:43:38.039+09:00  WARN 3240 --- [KEBProject] [    Test worker] JpaBaseConfiguration$JpaWebConfiguration : spring.jpa.open-in-view is enabled by default. Therefore, database queries may be performed during view rendering. Explicitly configure spring.jpa.open-in-view to disable this warning
2024-07-11T16:43:38.051+09:00  INFO 3240 --- [KEBProject] [    Test worker] o.s.b.a.w.s.WelcomePageHandlerMapping    : Adding welcome page template: index
2024-07-11T16:43:38.312+09:00  INFO 3240 --- [KEBProject] [    Test worker] c.e.K.KebProjectApplicationTests         : Started KebProjectApplicationTests in 1.992 seconds (process running for 2.431)
]]></system-out>
  <system-err><![CDATA[]]></system-err>
</testsuite>
